<?xml version="1.0" encoding="UTF-8"?>
<!-- Generated by org.testng.reporters.JUnitReportReporter -->
<testsuite name="com.flipkart.FlipkartTest.FlipkartTest" tests="1" time="14.142" ignored="0" failures="0" timestamp="11 Aug 2020 03:42:40 GMT" skipped="0" hostname="DESKTOP-PSQR5NA" errors="0">
  <testcase name="FlipkartTask_01" time="14.142" classname="com.flipkart.FlipkartTest.FlipkartTest"/>
</testsuite> <!-- com.flipkart.FlipkartTest.FlipkartTest -->
